Start testing: Mar 31 17:59 CEST
----------------------------------------------------------
11/11 Testing: mstl_heap_test
11/11 Test: mstl_heap_test
Command: "/home/lzy/sgi-stl/build/bin/mstl_heap_test"
Directory: /home/lzy/sgi-stl/build/bin
"mstl_heap_test" start time: Mar 31 17:59 CEST
Output:
----------------------------------------------------------
Testing push_heap...

Test case 1: Basic case
Initial heap: 5 3 4 1 1 
After push_heap: 6 3 5 1 1 4 

Test case 2: Empty heap
After push_heap: 1 

Test case 3: Single element heap
After push_heap: 2 1 

Test case 4: Large number
Initial heap: 5 4 3 2 1 
After push_heap: 10 4 5 2 1 3 

Test case 5: Small number
Initial heap: 5 4 3 2 1 
After push_heap: 5 4 3 2 1 0 

Test case 6: Duplicate elements
Initial heap: 5 4 3 2 1 
After push_heap: 5 4 3 2 1 3 

Testing pop_heap...
Initial heap: 5 4 3 2 1 
After pop_heap: 4 2 3 1 

Testing make_heap...
Before make_heap: 3 1 4 1 5 9 2 6 5 3 5 
After make_heap: 9 6 4 5 5 3 2 1 1 3 5 

Testing sort_heap...
Before sort_heap: 9 6 4 5 5 3 2 1 1 3 5 
After sort_heap: 1 1 2 3 3 4 5 5 5 6 9 
<end of output>
Test time =   0.02 sec
----------------------------------------------------------
Test Passed.
"mstl_heap_test" end time: Mar 31 17:59 CEST
"mstl_heap_test" time elapsed: 00:00:00
----------------------------------------------------------

End testing: Mar 31 17:59 CEST

debug =   0.02 sec*proc

